<?xml version="1.0" encoding="UTF-8"?>
<testng-results skipped="0" failed="2" total="9" passed="7">
  <reporter-output>
  </reporter-output>
  <suite name="Suite" duration-ms="9312" started-at="2017-03-08T22:32:33Z" finished-at="2017-03-08T22:32:43Z">
    <groups>
    </groups>
    <test name="Mail" duration-ms="9312" started-at="2017-03-08T22:32:33Z" finished-at="2017-03-08T22:32:43Z">
      <class name="com.mst.selenium.mail.Mail_report">
        <test-method status="PASS" signature="send_report()[pri:0, instance:com.mst.selenium.mail.Mail_report@685cb137]" name="send_report" duration-ms="9305" started-at="2017-03-08T15:32:33Z" finished-at="2017-03-08T15:32:43Z">
          <reporter-output>
          </reporter-output>
        </test-method> <!-- send_report -->
      </class> <!-- com.mst.selenium.mail.Mail_report -->
    </test> <!-- Mail -->
  </suite> <!-- Suite -->
  <suite name="Suite (1)" duration-ms="80314" started-at="2017-03-08T22:31:13Z" finished-at="2017-03-08T22:32:33Z">
    <groups>
    </groups>
    <test name="Firefox Test4" duration-ms="54895" started-at="2017-03-08T22:31:13Z" finished-at="2017-03-08T22:32:08Z">
      <class name="com.mst.selenium.main.test.TestEngine">
        <test-method status="PASS" signature="beforeSuite()[pri:0, instance:com.mst.selenium.main.test.TestEngine@4e1d422d]" name="beforeSuite" is-config="true" duration-ms="79" started-at="2017-03-08T15:31:13Z" finished-at="2017-03-08T15:31:13Z">
          <reporter-output>
          </reporter-output>
        </test-method> <!-- beforeSuite -->
        <test-method status="PASS" signature="getBrowser(java.lang.String, java.lang.reflect.Method)[pri:0, instance:com.mst.selenium.main.test.TestEngine@4e1d422d]" name="getBrowser" is-config="true" duration-ms="22268" started-at="2017-03-08T15:31:13Z" finished-at="2017-03-08T15:31:35Z">
          <params>
            <param index="0">
              <value>
                <![CDATA[firefox]]>
              </value>
            </param>
            <param index="1">
              <value>
                <![CDATA[public void com.mst.selenium.main.test.TestEngine.leadTabVerification(java.lang.String,java.lang.String,java.lang.reflect.Method) throws java.lang.Exception]]>
              </value>
            </param>
          </params>
          <reporter-output>
          </reporter-output>
        </test-method> <!-- getBrowser -->
        <test-method status="PASS" signature="leadTabVerification(java.lang.String, java.lang.String, java.lang.reflect.Method)[pri:0, instance:com.mst.selenium.main.test.TestEngine@4e1d422d]" name="leadTabVerification" duration-ms="32546" started-at="2017-03-08T15:31:35Z" finished-at="2017-03-08T15:32:08Z">
          <params>
            <param index="0">
              <value>
                <![CDATA[firefox]]>
              </value>
            </param>
            <param index="1">
              <value>
                <![CDATA[production]]>
              </value>
            </param>
            <param index="2">
              <value>
                <![CDATA[public void com.mst.selenium.main.test.TestEngine.leadTabVerification(java.lang.String,java.lang.String,java.lang.reflect.Method) throws java.lang.Exception]]>
              </value>
            </param>
          </params>
          <reporter-output>
          </reporter-output>
        </test-method> <!-- leadTabVerification -->
        <test-method status="PASS" signature="tearDown(org.testng.ITestResult, java.lang.String)[pri:0, instance:com.mst.selenium.main.test.TestEngine@4e1d422d]" name="tearDown" is-config="true" duration-ms="77" started-at="2017-03-08T15:32:08Z" finished-at="2017-03-08T15:32:08Z">
          <params>
            <param index="0">
              <value>
                <![CDATA[[TestResult name=leadTabVerification status=SUCCESS method=TestEngine.leadTabVerification(java.lang.String, java.lang.String, java.lang.reflect.Method)[pri:0, instance:com.mst.selenium.main.test.TestEngine@4e1d422d] output={null}]]]>
              </value>
            </param>
            <param index="1">
              <value>
                <![CDATA[firefox]]>
              </value>
            </param>
          </params>
          <reporter-output>
          </reporter-output>
        </test-method> <!-- tearDown -->
        <test-method status="PASS" signature="afterSuite()[pri:0, instance:com.mst.selenium.main.test.TestEngine@4e1d422d]" name="afterSuite" is-config="true" duration-ms="153" started-at="2017-03-08T15:32:33Z" finished-at="2017-03-08T15:32:33Z">
          <reporter-output>
          </reporter-output>
        </test-method> <!-- afterSuite -->
      </class> <!-- com.mst.selenium.main.test.TestEngine -->
    </test> <!-- Firefox Test4 -->
    <test name="Firefox Test2" duration-ms="66389" started-at="2017-03-08T22:31:13Z" finished-at="2017-03-08T22:32:19Z">
      <class name="com.mst.selenium.main.test.TestEngine">
        <test-method status="PASS" signature="getBrowser(java.lang.String, java.lang.reflect.Method)[pri:0, instance:com.mst.selenium.main.test.TestEngine@6e1ec318]" name="getBrowser" is-config="true" duration-ms="6175" started-at="2017-03-08T15:31:13Z" finished-at="2017-03-08T15:31:19Z">
          <params>
            <param index="0">
              <value>
                <![CDATA[firefox]]>
              </value>
            </param>
            <param index="1">
              <value>
                <![CDATA[public void com.mst.selenium.main.test.TestEngine.accountCreation(java.lang.String,java.lang.String,java.lang.reflect.Method) throws java.lang.Exception]]>
              </value>
            </param>
          </params>
          <reporter-output>
          </reporter-output>
        </test-method> <!-- getBrowser -->
        <test-method status="FAIL" signature="accountCreation(java.lang.String, java.lang.String, java.lang.reflect.Method)[pri:0, instance:com.mst.selenium.main.test.TestEngine@6e1ec318]" name="accountCreation" duration-ms="59489" started-at="2017-03-08T15:31:19Z" finished-at="2017-03-08T15:32:19Z">
          <params>
            <param index="0">
              <value>
                <![CDATA[firefox]]>
              </value>
            </param>
            <param index="1">
              <value>
                <![CDATA[production]]>
              </value>
            </param>
            <param index="2">
              <value>
                <![CDATA[public void com.mst.selenium.main.test.TestEngine.accountCreation(java.lang.String,java.lang.String,java.lang.reflect.Method) throws java.lang.Exception]]>
              </value>
            </param>
          </params>
          <exception class="com.mst.selenium.exception.CustomException">
            <message>
              <![CDATA[The value Edge Communicationsis not matched with the given value Edge Communication]]>
            </message>
            <full-stacktrace>
              <![CDATA[com.mst.selenium.exception.CustomException: The value Edge Communicationsis not matched with the given value Edge Communication
	at com.mst.selenium.main.test.TestEngine.highlightElementBasedOnResult(TestEngine.java:142)
	at com.mst.selenium.main.test.TestEngine.accountCreation(TestEngine.java:83)
	at sun.reflect.NativeMethodAccessorImpl.invoke0(Native Method)
	at sun.reflect.NativeMethodAccessorImpl.invoke(Unknown Source)
	at sun.reflect.DelegatingMethodAccessorImpl.invoke(Unknown Source)
	at java.lang.reflect.Method.invoke(Unknown Source)
	at org.testng.internal.MethodInvocationHelper.invokeMethod(MethodInvocationHelper.java:85)
	at org.testng.internal.Invoker.invokeMethod(Invoker.java:639)
	at org.testng.internal.Invoker.invokeTestMethod(Invoker.java:816)
	at org.testng.internal.Invoker.invokeTestMethods(Invoker.java:1124)
	at org.testng.internal.TestMethodWorker.invokeTestMethods(TestMethodWorker.java:125)
	at org.testng.internal.TestMethodWorker.run(TestMethodWorker.java:108)
	at org.testng.TestRunner.privateRun(TestRunner.java:774)
	at org.testng.TestRunner.run(TestRunner.java:624)
	at org.testng.SuiteRunner.runTest(SuiteRunner.java:359)
	at org.testng.SuiteRunner.access$000(SuiteRunner.java:39)
	at org.testng.SuiteRunner$SuiteWorker.run(SuiteRunner.java:393)
	at org.testng.internal.thread.ThreadUtil$2.call(ThreadUtil.java:64)
	at java.util.concurrent.FutureTask.run(Unknown Source)
	at java.util.concurrent.ThreadPoolExecutor.runWorker(Unknown Source)
	at java.util.concurrent.ThreadPoolExecutor$Worker.run(Unknown Source)
	at java.lang.Thread.run(Unknown Source)
]]>
            </full-stacktrace>
          </exception> <!-- com.mst.selenium.exception.CustomException -->
          <reporter-output>
          </reporter-output>
        </test-method> <!-- accountCreation -->
        <test-method status="PASS" signature="tearDown(org.testng.ITestResult, java.lang.String)[pri:0, instance:com.mst.selenium.main.test.TestEngine@6e1ec318]" name="tearDown" is-config="true" duration-ms="704" started-at="2017-03-08T15:32:19Z" finished-at="2017-03-08T15:32:19Z">
          <params>
            <param index="0">
              <value>
                <![CDATA[[TestResult name=accountCreation status=FAILURE method=TestEngine.accountCreation(java.lang.String, java.lang.String, java.lang.reflect.Method)[pri:0, instance:com.mst.selenium.main.test.TestEngine@6e1ec318] output={null}]]]>
              </value>
            </param>
            <param index="1">
              <value>
                <![CDATA[firefox]]>
              </value>
            </param>
          </params>
          <reporter-output>
          </reporter-output>
        </test-method> <!-- tearDown -->
      </class> <!-- com.mst.selenium.main.test.TestEngine -->
    </test> <!-- Firefox Test2 -->
    <test name="Firefox Test1" duration-ms="71701" started-at="2017-03-08T22:31:13Z" finished-at="2017-03-08T22:32:25Z">
      <class name="com.mst.selenium.main.test.TestEngine">
        <test-method status="PASS" signature="getBrowser(java.lang.String, java.lang.reflect.Method)[pri:0, instance:com.mst.selenium.main.test.TestEngine@20322d26]" name="getBrowser" is-config="true" duration-ms="13935" started-at="2017-03-08T15:31:13Z" finished-at="2017-03-08T15:31:27Z">
          <params>
            <param index="0">
              <value>
                <![CDATA[firefox]]>
              </value>
            </param>
            <param index="1">
              <value>
                <![CDATA[public void com.mst.selenium.main.test.TestEngine.leadCreation(java.lang.String,java.lang.String,java.lang.reflect.Method) throws java.lang.Exception]]>
              </value>
            </param>
          </params>
          <reporter-output>
          </reporter-output>
        </test-method> <!-- getBrowser -->
        <test-method status="PASS" signature="leadCreation(java.lang.String, java.lang.String, java.lang.reflect.Method)[pri:0, instance:com.mst.selenium.main.test.TestEngine@20322d26]" name="leadCreation" duration-ms="55985" started-at="2017-03-08T15:31:27Z" finished-at="2017-03-08T15:32:23Z">
          <params>
            <param index="0">
              <value>
                <![CDATA[firefox]]>
              </value>
            </param>
            <param index="1">
              <value>
                <![CDATA[production]]>
              </value>
            </param>
            <param index="2">
              <value>
                <![CDATA[public void com.mst.selenium.main.test.TestEngine.leadCreation(java.lang.String,java.lang.String,java.lang.reflect.Method) throws java.lang.Exception]]>
              </value>
            </param>
          </params>
          <reporter-output>
          </reporter-output>
        </test-method> <!-- leadCreation -->
        <test-method status="PASS" signature="tearDown(org.testng.ITestResult, java.lang.String)[pri:0, instance:com.mst.selenium.main.test.TestEngine@20322d26]" name="tearDown" is-config="true" duration-ms="1778" started-at="2017-03-08T15:32:23Z" finished-at="2017-03-08T15:32:25Z">
          <params>
            <param index="0">
              <value>
                <![CDATA[[TestResult name=leadCreation status=SUCCESS method=TestEngine.leadCreation(java.lang.String, java.lang.String, java.lang.reflect.Method)[pri:0, instance:com.mst.selenium.main.test.TestEngine@20322d26] output={null}]]]>
              </value>
            </param>
            <param index="1">
              <value>
                <![CDATA[firefox]]>
              </value>
            </param>
          </params>
          <reporter-output>
          </reporter-output>
        </test-method> <!-- tearDown -->
      </class> <!-- com.mst.selenium.main.test.TestEngine -->
    </test> <!-- Firefox Test1 -->
    <test name="Firefox Test3" duration-ms="80313" started-at="2017-03-08T22:31:13Z" finished-at="2017-03-08T22:32:33Z">
      <class name="com.mst.selenium.main.test.TestEngine">
        <test-method status="PASS" signature="getBrowser(java.lang.String, java.lang.reflect.Method)[pri:0, instance:com.mst.selenium.main.test.TestEngine@31dc339b]" name="getBrowser" is-config="true" duration-ms="35965" started-at="2017-03-08T15:31:13Z" finished-at="2017-03-08T15:31:49Z">
          <params>
            <param index="0">
              <value>
                <![CDATA[firefox]]>
              </value>
            </param>
            <param index="1">
              <value>
                <![CDATA[public void com.mst.selenium.main.test.TestEngine.contactCreation(java.lang.String,java.lang.String,java.lang.reflect.Method) throws java.lang.Exception]]>
              </value>
            </param>
          </params>
          <reporter-output>
          </reporter-output>
        </test-method> <!-- getBrowser -->
        <test-method status="PASS" signature="contactCreation(java.lang.String, java.lang.String, java.lang.reflect.Method)[pri:0, instance:com.mst.selenium.main.test.TestEngine@31dc339b]" name="contactCreation" duration-ms="43634" started-at="2017-03-08T15:31:49Z" finished-at="2017-03-08T15:32:33Z">
          <params>
            <param index="0">
              <value>
                <![CDATA[firefox]]>
              </value>
            </param>
            <param index="1">
              <value>
                <![CDATA[production]]>
              </value>
            </param>
            <param index="2">
              <value>
                <![CDATA[public void com.mst.selenium.main.test.TestEngine.contactCreation(java.lang.String,java.lang.String,java.lang.reflect.Method) throws java.lang.Exception]]>
              </value>
            </param>
          </params>
          <reporter-output>
          </reporter-output>
        </test-method> <!-- contactCreation -->
        <test-method status="PASS" signature="tearDown(org.testng.ITestResult, java.lang.String)[pri:0, instance:com.mst.selenium.main.test.TestEngine@31dc339b]" name="tearDown" is-config="true" duration-ms="708" started-at="2017-03-08T15:32:33Z" finished-at="2017-03-08T15:32:33Z">
          <params>
            <param index="0">
              <value>
                <![CDATA[[TestResult name=contactCreation status=SUCCESS method=TestEngine.contactCreation(java.lang.String, java.lang.String, java.lang.reflect.Method)[pri:0, instance:com.mst.selenium.main.test.TestEngine@31dc339b] output={null}]]]>
              </value>
            </param>
            <param index="1">
              <value>
                <![CDATA[firefox]]>
              </value>
            </param>
          </params>
          <reporter-output>
          </reporter-output>
        </test-method> <!-- tearDown -->
      </class> <!-- com.mst.selenium.main.test.TestEngine -->
    </test> <!-- Firefox Test3 -->
  </suite> <!-- Suite (1) -->
  <suite name="Suite (0)" duration-ms="62799" started-at="2017-03-08T22:30:09Z" finished-at="2017-03-08T22:31:12Z">
    <groups>
    </groups>
    <test name="Chrome Test4" duration-ms="46952" started-at="2017-03-08T22:30:09Z" finished-at="2017-03-08T22:30:56Z">
      <class name="com.mst.selenium.main.test.TestEngine">
        <test-method status="PASS" signature="beforeSuite()[pri:0, instance:com.mst.selenium.main.test.TestEngine@4bec1f0c]" name="beforeSuite" is-config="true" duration-ms="846" started-at="2017-03-08T15:30:08Z" finished-at="2017-03-08T15:30:09Z">
          <reporter-output>
          </reporter-output>
        </test-method> <!-- beforeSuite -->
        <test-method status="PASS" signature="getBrowser(java.lang.String, java.lang.reflect.Method)[pri:0, instance:com.mst.selenium.main.test.TestEngine@4bec1f0c]" name="getBrowser" is-config="true" duration-ms="7273" started-at="2017-03-08T15:30:09Z" finished-at="2017-03-08T15:30:17Z">
          <params>
            <param index="0">
              <value>
                <![CDATA[chrome]]>
              </value>
            </param>
            <param index="1">
              <value>
                <![CDATA[public void com.mst.selenium.main.test.TestEngine.leadTabVerification(java.lang.String,java.lang.String,java.lang.reflect.Method) throws java.lang.Exception]]>
              </value>
            </param>
          </params>
          <reporter-output>
          </reporter-output>
        </test-method> <!-- getBrowser -->
        <test-method status="PASS" signature="leadTabVerification(java.lang.String, java.lang.String, java.lang.reflect.Method)[pri:0, instance:com.mst.selenium.main.test.TestEngine@4bec1f0c]" name="leadTabVerification" duration-ms="39003" started-at="2017-03-08T15:30:17Z" finished-at="2017-03-08T15:30:56Z">
          <params>
            <param index="0">
              <value>
                <![CDATA[chrome]]>
              </value>
            </param>
            <param index="1">
              <value>
                <![CDATA[production]]>
              </value>
            </param>
            <param index="2">
              <value>
                <![CDATA[public void com.mst.selenium.main.test.TestEngine.leadTabVerification(java.lang.String,java.lang.String,java.lang.reflect.Method) throws java.lang.Exception]]>
              </value>
            </param>
          </params>
          <reporter-output>
          </reporter-output>
        </test-method> <!-- leadTabVerification -->
        <test-method status="PASS" signature="tearDown(org.testng.ITestResult, java.lang.String)[pri:0, instance:com.mst.selenium.main.test.TestEngine@4bec1f0c]" name="tearDown" is-config="true" duration-ms="660" started-at="2017-03-08T15:30:56Z" finished-at="2017-03-08T15:30:56Z">
          <params>
            <param index="0">
              <value>
                <![CDATA[[TestResult name=leadTabVerification status=SUCCESS method=TestEngine.leadTabVerification(java.lang.String, java.lang.String, java.lang.reflect.Method)[pri:0, instance:com.mst.selenium.main.test.TestEngine@4bec1f0c] output={null}]]]>
              </value>
            </param>
            <param index="1">
              <value>
                <![CDATA[chrome]]>
              </value>
            </param>
          </params>
          <reporter-output>
          </reporter-output>
        </test-method> <!-- tearDown -->
        <test-method status="PASS" signature="afterSuite()[pri:0, instance:com.mst.selenium.main.test.TestEngine@4bec1f0c]" name="afterSuite" is-config="true" duration-ms="720" started-at="2017-03-08T15:31:12Z" finished-at="2017-03-08T15:31:13Z">
          <reporter-output>
          </reporter-output>
        </test-method> <!-- afterSuite -->
      </class> <!-- com.mst.selenium.main.test.TestEngine -->
    </test> <!-- Chrome Test4 -->
    <test name="Chrome Test2" duration-ms="58788" started-at="2017-03-08T22:30:09Z" finished-at="2017-03-08T22:31:08Z">
      <class name="com.mst.selenium.main.test.TestEngine">
        <test-method status="PASS" signature="getBrowser(java.lang.String, java.lang.reflect.Method)[pri:0, instance:com.mst.selenium.main.test.TestEngine@6e1567f1]" name="getBrowser" is-config="true" duration-ms="8643" started-at="2017-03-08T15:30:09Z" finished-at="2017-03-08T15:30:18Z">
          <params>
            <param index="0">
              <value>
                <![CDATA[chrome]]>
              </value>
            </param>
            <param index="1">
              <value>
                <![CDATA[public void com.mst.selenium.main.test.TestEngine.accountCreation(java.lang.String,java.lang.String,java.lang.reflect.Method) throws java.lang.Exception]]>
              </value>
            </param>
          </params>
          <reporter-output>
          </reporter-output>
        </test-method> <!-- getBrowser -->
        <test-method status="FAIL" signature="accountCreation(java.lang.String, java.lang.String, java.lang.reflect.Method)[pri:0, instance:com.mst.selenium.main.test.TestEngine@6e1567f1]" name="accountCreation" duration-ms="48701" started-at="2017-03-08T15:30:18Z" finished-at="2017-03-08T15:31:07Z">
          <params>
            <param index="0">
              <value>
                <![CDATA[chrome]]>
              </value>
            </param>
            <param index="1">
              <value>
                <![CDATA[production]]>
              </value>
            </param>
            <param index="2">
              <value>
                <![CDATA[public void com.mst.selenium.main.test.TestEngine.accountCreation(java.lang.String,java.lang.String,java.lang.reflect.Method) throws java.lang.Exception]]>
              </value>
            </param>
          </params>
          <exception class="com.mst.selenium.exception.CustomException">
            <message>
              <![CDATA[The value Edge Communicationsis not matched with the given value Edge Communication]]>
            </message>
            <full-stacktrace>
              <![CDATA[com.mst.selenium.exception.CustomException: The value Edge Communicationsis not matched with the given value Edge Communication
	at com.mst.selenium.main.test.TestEngine.highlightElementBasedOnResult(TestEngine.java:142)
	at com.mst.selenium.main.test.TestEngine.accountCreation(TestEngine.java:83)
	at sun.reflect.NativeMethodAccessorImpl.invoke0(Native Method)
	at sun.reflect.NativeMethodAccessorImpl.invoke(Unknown Source)
	at sun.reflect.DelegatingMethodAccessorImpl.invoke(Unknown Source)
	at java.lang.reflect.Method.invoke(Unknown Source)
	at org.testng.internal.MethodInvocationHelper.invokeMethod(MethodInvocationHelper.java:85)
	at org.testng.internal.Invoker.invokeMethod(Invoker.java:639)
	at org.testng.internal.Invoker.invokeTestMethod(Invoker.java:816)
	at org.testng.internal.Invoker.invokeTestMethods(Invoker.java:1124)
	at org.testng.internal.TestMethodWorker.invokeTestMethods(TestMethodWorker.java:125)
	at org.testng.internal.TestMethodWorker.run(TestMethodWorker.java:108)
	at org.testng.TestRunner.privateRun(TestRunner.java:774)
	at org.testng.TestRunner.run(TestRunner.java:624)
	at org.testng.SuiteRunner.runTest(SuiteRunner.java:359)
	at org.testng.SuiteRunner.access$000(SuiteRunner.java:39)
	at org.testng.SuiteRunner$SuiteWorker.run(SuiteRunner.java:393)
	at org.testng.internal.thread.ThreadUtil$2.call(ThreadUtil.java:64)
	at java.util.concurrent.FutureTask.run(Unknown Source)
	at java.util.concurrent.ThreadPoolExecutor.runWorker(Unknown Source)
	at java.util.concurrent.ThreadPoolExecutor$Worker.run(Unknown Source)
	at java.lang.Thread.run(Unknown Source)
]]>
            </full-stacktrace>
          </exception> <!-- com.mst.selenium.exception.CustomException -->
          <reporter-output>
          </reporter-output>
        </test-method> <!-- accountCreation -->
        <test-method status="PASS" signature="tearDown(org.testng.ITestResult, java.lang.String)[pri:0, instance:com.mst.selenium.main.test.TestEngine@6e1567f1]" name="tearDown" is-config="true" duration-ms="1428" started-at="2017-03-08T15:31:07Z" finished-at="2017-03-08T15:31:08Z">
          <params>
            <param index="0">
              <value>
                <![CDATA[[TestResult name=accountCreation status=FAILURE method=TestEngine.accountCreation(java.lang.String, java.lang.String, java.lang.reflect.Method)[pri:0, instance:com.mst.selenium.main.test.TestEngine@6e1567f1] output={null}]]]>
              </value>
            </param>
            <param index="1">
              <value>
                <![CDATA[chrome]]>
              </value>
            </param>
          </params>
          <reporter-output>
          </reporter-output>
        </test-method> <!-- tearDown -->
      </class> <!-- com.mst.selenium.main.test.TestEngine -->
    </test> <!-- Chrome Test2 -->
    <test name="Chrome Test1" duration-ms="59698" started-at="2017-03-08T22:30:09Z" finished-at="2017-03-08T22:31:09Z">
      <class name="com.mst.selenium.main.test.TestEngine">
        <test-method status="PASS" signature="getBrowser(java.lang.String, java.lang.reflect.Method)[pri:0, instance:com.mst.selenium.main.test.TestEngine@3f49dace]" name="getBrowser" is-config="true" duration-ms="8945" started-at="2017-03-08T15:30:09Z" finished-at="2017-03-08T15:30:18Z">
          <params>
            <param index="0">
              <value>
                <![CDATA[chrome]]>
              </value>
            </param>
            <param index="1">
              <value>
                <![CDATA[public void com.mst.selenium.main.test.TestEngine.leadCreation(java.lang.String,java.lang.String,java.lang.reflect.Method) throws java.lang.Exception]]>
              </value>
            </param>
          </params>
          <reporter-output>
          </reporter-output>
        </test-method> <!-- getBrowser -->
        <test-method status="PASS" signature="leadCreation(java.lang.String, java.lang.String, java.lang.reflect.Method)[pri:0, instance:com.mst.selenium.main.test.TestEngine@3f49dace]" name="leadCreation" duration-ms="50132" started-at="2017-03-08T15:30:18Z" finished-at="2017-03-08T15:31:08Z">
          <params>
            <param index="0">
              <value>
                <![CDATA[chrome]]>
              </value>
            </param>
            <param index="1">
              <value>
                <![CDATA[production]]>
              </value>
            </param>
            <param index="2">
              <value>
                <![CDATA[public void com.mst.selenium.main.test.TestEngine.leadCreation(java.lang.String,java.lang.String,java.lang.reflect.Method) throws java.lang.Exception]]>
              </value>
            </param>
          </params>
          <reporter-output>
          </reporter-output>
        </test-method> <!-- leadCreation -->
        <test-method status="PASS" signature="tearDown(org.testng.ITestResult, java.lang.String)[pri:0, instance:com.mst.selenium.main.test.TestEngine@3f49dace]" name="tearDown" is-config="true" duration-ms="605" started-at="2017-03-08T15:31:08Z" finished-at="2017-03-08T15:31:09Z">
          <params>
            <param index="0">
              <value>
                <![CDATA[[TestResult name=leadCreation status=SUCCESS method=TestEngine.leadCreation(java.lang.String, java.lang.String, java.lang.reflect.Method)[pri:0, instance:com.mst.selenium.main.test.TestEngine@3f49dace] output={null}]]]>
              </value>
            </param>
            <param index="1">
              <value>
                <![CDATA[chrome]]>
              </value>
            </param>
          </params>
          <reporter-output>
          </reporter-output>
        </test-method> <!-- tearDown -->
      </class> <!-- com.mst.selenium.main.test.TestEngine -->
    </test> <!-- Chrome Test1 -->
    <test name="Chrome Test3" duration-ms="62798" started-at="2017-03-08T22:30:09Z" finished-at="2017-03-08T22:31:12Z">
      <class name="com.mst.selenium.main.test.TestEngine">
        <test-method status="PASS" signature="getBrowser(java.lang.String, java.lang.reflect.Method)[pri:0, instance:com.mst.selenium.main.test.TestEngine@ff5b51f]" name="getBrowser" is-config="true" duration-ms="9461" started-at="2017-03-08T15:30:09Z" finished-at="2017-03-08T15:30:19Z">
          <params>
            <param index="0">
              <value>
                <![CDATA[chrome]]>
              </value>
            </param>
            <param index="1">
              <value>
                <![CDATA[public void com.mst.selenium.main.test.TestEngine.contactCreation(java.lang.String,java.lang.String,java.lang.reflect.Method) throws java.lang.Exception]]>
              </value>
            </param>
          </params>
          <reporter-output>
          </reporter-output>
        </test-method> <!-- getBrowser -->
        <test-method status="PASS" signature="contactCreation(java.lang.String, java.lang.String, java.lang.reflect.Method)[pri:0, instance:com.mst.selenium.main.test.TestEngine@ff5b51f]" name="contactCreation" duration-ms="53036" started-at="2017-03-08T15:30:19Z" finished-at="2017-03-08T15:31:12Z">
          <params>
            <param index="0">
              <value>
                <![CDATA[chrome]]>
              </value>
            </param>
            <param index="1">
              <value>
                <![CDATA[production]]>
              </value>
            </param>
            <param index="2">
              <value>
                <![CDATA[public void com.mst.selenium.main.test.TestEngine.contactCreation(java.lang.String,java.lang.String,java.lang.reflect.Method) throws java.lang.Exception]]>
              </value>
            </param>
          </params>
          <reporter-output>
          </reporter-output>
        </test-method> <!-- contactCreation -->
        <test-method status="PASS" signature="tearDown(org.testng.ITestResult, java.lang.String)[pri:0, instance:com.mst.selenium.main.test.TestEngine@ff5b51f]" name="tearDown" is-config="true" duration-ms="287" started-at="2017-03-08T15:31:12Z" finished-at="2017-03-08T15:31:12Z">
          <params>
            <param index="0">
              <value>
                <![CDATA[[TestResult name=contactCreation status=SUCCESS method=TestEngine.contactCreation(java.lang.String, java.lang.String, java.lang.reflect.Method)[pri:0, instance:com.mst.selenium.main.test.TestEngine@ff5b51f] output={null}]]]>
              </value>
            </param>
            <param index="1">
              <value>
                <![CDATA[chrome]]>
              </value>
            </param>
          </params>
          <reporter-output>
          </reporter-output>
        </test-method> <!-- tearDown -->
      </class> <!-- com.mst.selenium.main.test.TestEngine -->
    </test> <!-- Chrome Test3 -->
  </suite> <!-- Suite (0) -->
</testng-results>
