<?xml version="1.0" encoding="UTF-8"?>
<!-- Generated by org.testng.reporters.JUnitXMLReporter -->
<testsuite hostname="Ashok" name="Chrome Test2" tests="1" failures="1" timestamp="2 Mar 2017 23:48:07 GMT" time="8.488" errors="0">
  <testcase name="accountCreation" time="0.256" classname="main_page.TestEngine">
    <failure type="java.io.IOException" message="Stream Closed">
      <![CDATA[java.io.IOException: Stream Closed
	at java.io.FileInputStream.readBytes(Native Method)
	at java.io.FileInputStream.read(Unknown Source)
	at java.io.FilterInputStream.read(Unknown Source)
	at java.io.PushbackInputStream.read(Unknown Source)
	at java.util.zip.ZipInputStream.readFully(Unknown Source)
	at java.util.zip.ZipInputStream.readLOC(Unknown Source)
	at java.util.zip.ZipInputStream.getNextEntry(Unknown Source)
	at org.apache.poi.openxml4j.util.ZipInputStreamZipEntrySource.<init>(ZipInputStreamZipEntrySource.java:51)
	at org.apache.poi.openxml4j.opc.ZipPackage.<init>(ZipPackage.java:83)
	at org.apache.poi.openxml4j.opc.OPCPackage.open(OPCPackage.java:267)
	at org.apache.poi.util.PackageHelper.open(PackageHelper.java:39)
	at org.apache.poi.xssf.usermodel.XSSFWorkbook.<init>(XSSFWorkbook.java:204)
	at excelutility.ExcelUtility.readExcel(ExcelUtility.java:51)
	at Page_Object_page.login_page.performLoginAction(login_page.java:45)
	at main_page.TestEngine.accountCreation(TestEngine.java:101)
	at java.util.concurrent.FutureTask.run(Unknown Source)
	at java.util.concurrent.ThreadPoolExecutor.runWorker(Unknown Source)
	at java.util.concurrent.ThreadPoolExecutor$Worker.run(Unknown Source)
	at java.lang.Thread.run(Unknown Source)
... Removed 16 stack frames]]>
    </failure>
  </testcase> <!-- accountCreation -->
</testsuite> <!-- Chrome Test2 -->
