<?xml version="1.0" encoding="UTF-8"?>
<!-- Generated by org.testng.reporters.JUnitXMLReporter -->
<testsuite hostname="Ashok" name="Chrome Test4" tests="1" failures="1" timestamp="2 Mar 2017 23:48:07 GMT" time="8.471" errors="0">
  <testcase name="leadTabVerification" time="0.153" classname="main_page.TestEngine">
    <failure type="org.apache.poi.POIXMLException" message="org.apache.poi.openxml4j.exceptions.InvalidFormatException: Package should contain a content type part [M1.13]">
      <![CDATA[org.apache.poi.POIXMLException: org.apache.poi.openxml4j.exceptions.InvalidFormatException: Package should contain a content type part [M1.13]
	at org.apache.poi.util.PackageHelper.open(PackageHelper.java:41)
	at org.apache.poi.xssf.usermodel.XSSFWorkbook.<init>(XSSFWorkbook.java:204)
	at excelutility.ExcelUtility.readExcel(ExcelUtility.java:51)
	at Page_Object_page.login_page.performLoginAction(login_page.java:45)
	at main_page.TestEngine.leadTabVerification(TestEngine.java:161)
	at java.util.concurrent.FutureTask.run(Unknown Source)
	at java.util.concurrent.ThreadPoolExecutor.runWorker(Unknown Source)
	at java.util.concurrent.ThreadPoolExecutor$Worker.run(Unknown Source)
	at java.lang.Thread.run(Unknown Source)
Caused by: org.apache.poi.openxml4j.exceptions.InvalidFormatException: Package should contain a content type part [M1.13]
	at org.apache.poi.openxml4j.opc.ZipPackage.getPartsImpl(ZipPackage.java:178)
	at org.apache.poi.openxml4j.opc.OPCPackage.getParts(OPCPackage.java:662)
	at org.apache.poi.openxml4j.opc.OPCPackage.open(OPCPackage.java:269)
	at org.apache.poi.util.PackageHelper.open(PackageHelper.java:39)
	... 24 more
... Removed 16 stack frames]]>
    </failure>
  </testcase> <!-- leadTabVerification -->
</testsuite> <!-- Chrome Test4 -->
