<?xml version="1.0" encoding="UTF-8"?>
<!-- Generated by org.testng.reporters.JUnitXMLReporter -->
<testsuite hostname="MSTEMP188SOPHIYA" name="Email report" tests="1" failures="1" timestamp="2 Mar 2017 10:20:14 GMT" time="25.835" errors="0">
  <testcase name="send_report" time="25.767" classname="mail_extentReport.Mail_report">
    <failure type="java.lang.RuntimeException" message="javax.mail.MessagingException: IOException while sending message;
  nested exception is:
	java.io.FileNotFoundException: C:\Users\mst conf4\git\POM_DataDriven\POM_DataDriven\Report\report.html (The system cannot find the file specified)">
      <![CDATA[java.lang.RuntimeException: javax.mail.MessagingException: IOException while sending message;
  nested exception is:
	java.io.FileNotFoundException: C:\Users\mst conf4\git\POM_DataDriven\POM_DataDriven\Report\report.html (The system cannot find the file specified)
	at mail_extentReport.Mail_report.send_report(Mail_report.java:79)
	at java.util.concurrent.FutureTask.run(Unknown Source)
	at java.util.concurrent.ThreadPoolExecutor.runWorker(Unknown Source)
	at java.util.concurrent.ThreadPoolExecutor$Worker.run(Unknown Source)
	at java.lang.Thread.run(Unknown Source)
Caused by: javax.mail.MessagingException: IOException while sending message;
  nested exception is:
	java.io.FileNotFoundException: C:\Users\mst conf4\git\POM_DataDriven\POM_DataDriven\Report\report.html (The system cannot find the file specified)
	at com.sun.mail.smtp.SMTPTransport.sendMessage(SMTPTransport.java:1167)
	at javax.mail.Transport.send0(Transport.java:195)
	at javax.mail.Transport.send(Transport.java:124)
	at mail_extentReport.Mail_report.send_report(Mail_report.java:74)
	... 20 more
Caused by: java.io.FileNotFoundException: C:\Users\mst conf4\git\POM_DataDriven\POM_DataDriven\Report\report.html (The system cannot find the file specified)
	at java.io.FileInputStream.open0(Native Method)
	at java.io.FileInputStream.open(Unknown Source)
	at java.io.FileInputStream.<init>(Unknown Source)
	at javax.activation.FileDataSource.getInputStream(Unknown Source)
	at javax.activation.DataHandler.writeTo(Unknown Source)
	at javax.mail.internet.MimeBodyPart.writeTo(MimeBodyPart.java:1485)
	at javax.mail.internet.MimeBodyPart.writeTo(MimeBodyPart.java:865)
	at javax.mail.internet.MimeMultipart.writeTo(MimeMultipart.java:462)
	at com.sun.mail.handlers.multipart_mixed.writeTo(multipart_mixed.java:103)
	at javax.activation.ObjectDataContentHandler.writeTo(Unknown Source)
	at javax.activation.DataHandler.writeTo(Unknown Source)
	at javax.mail.internet.MimeBodyPart.writeTo(MimeBodyPart.java:1485)
	at javax.mail.internet.MimeMessage.writeTo(MimeMessage.java:1773)
	at com.sun.mail.smtp.SMTPTransport.sendMessage(SMTPTransport.java:1119)
	... 23 more
... Removed 16 stack frames]]>
    </failure>
  </testcase> <!-- send_report -->
</testsuite> <!-- Email report -->
