<?xml version="1.0" encoding="UTF-8"?>
<!-- Generated by org.testng.reporters.JUnitXMLReporter -->
<testsuite hostname="MST-101-HP" name="Default test" tests="6" failures="0" timestamp="20 Jan 2017 12:14:18 GMT" time="0.049" errors="0">
  <testcase name="lead" time="0.0" classname="main_page.testEngine">
    <skipped/>
  </testcase> <!-- lead -->
  <testcase name="AccountVerification" time="0.0" classname="main_page.testEngine">
    <skipped/>
  </testcase> <!-- AccountVerification -->
  <testcase name="contactVerification" time="0.0" classname="main_page.testEngine">
    <skipped/>
  </testcase> <!-- contactVerification -->
  <testcase name="opportunityVerification" time="0.0" classname="main_page.testEngine">
    <skipped/>
  </testcase> <!-- opportunityVerification -->
  <testcase name="leadDeletion" time="0.0" classname="main_page.testEngine">
    <skipped/>
  </testcase> <!-- leadDeletion -->
  <testcase name="accountDeletion" time="0.0" classname="main_page.testEngine">
    <skipped/>
  </testcase> <!-- accountDeletion -->
</testsuite> <!-- Default test -->
