<?xml version="1.0" encoding="UTF-8"?>
<!-- Generated by org.testng.reporters.JUnitXMLReporter -->
<testsuite hostname="MSTEMP188SOPHIYA" name="Chrome Test1" tests="1" failures="1" timestamp="2 Mar 2017 15:22:24 GMT" time="15.515" errors="0">
  <testcase name="leadCreation" time="0.393" classname="main_page.TestEngine">
    <failure type="java.io.IOException" message="Stream Closed">
      <![CDATA[java.io.IOException: Stream Closed
	at java.io.FileInputStream.readBytes(Native Method)
	at java.io.FileInputStream.read(Unknown Source)
	at java.io.FilterInputStream.read(Unknown Source)
	at java.io.PushbackInputStream.read(Unknown Source)
	at java.util.zip.ZipInputStream.readFully(Unknown Source)
	at java.util.zip.ZipInputStream.readLOC(Unknown Source)
	at java.util.zip.ZipInputStream.getNextEntry(Unknown Source)
	at org.apache.poi.openxml4j.util.ZipInputStreamZipEntrySource.<init>(ZipInputStreamZipEntrySource.java:51)
	at org.apache.poi.openxml4j.opc.ZipPackage.<init>(ZipPackage.java:83)
	at org.apache.poi.openxml4j.opc.OPCPackage.open(OPCPackage.java:267)
	at org.apache.poi.util.PackageHelper.open(PackageHelper.java:39)
	at org.apache.poi.xssf.usermodel.XSSFWorkbook.<init>(XSSFWorkbook.java:204)
	at excelutility.ExcelUtility.readExcel(ExcelUtility.java:51)
	at main_page.TestEngine.login(TestEngine.java:193)
	at main_page.TestEngine.leadCreation(TestEngine.java:55)
	at java.util.concurrent.FutureTask.run(Unknown Source)
	at java.util.concurrent.ThreadPoolExecutor.runWorker(Unknown Source)
	at java.util.concurrent.ThreadPoolExecutor$Worker.run(Unknown Source)
	at java.lang.Thread.run(Unknown Source)
... Removed 16 stack frames]]>
    </failure>
  </testcase> <!-- leadCreation -->
</testsuite> <!-- Chrome Test1 -->
