<?xml version="1.0" encoding="UTF-8"?>
<!-- Generated by org.testng.reporters.JUnitXMLReporter -->
<testsuite hostname="Ashok" name="Chrome Test1" tests="1" failures="1" timestamp="3 Mar 2017 01:34:14 GMT" time="5.712" errors="0">
  <testcase name="leadCreation" time="0.201" classname="com.mst.selenium.main.page.TestEngine">
    <failure type="java.io.IOException" message="Stream Closed">
      <![CDATA[java.io.IOException: Stream Closed
	at java.io.FileInputStream.readBytes(Native Method)
	at java.io.FileInputStream.read(Unknown Source)
	at java.io.FilterInputStream.read(Unknown Source)
	at java.io.PushbackInputStream.read(Unknown Source)
	at java.util.zip.ZipInputStream.readFully(Unknown Source)
	at java.util.zip.ZipInputStream.readLOC(Unknown Source)
	at java.util.zip.ZipInputStream.getNextEntry(Unknown Source)
	at org.apache.poi.openxml4j.util.ZipInputStreamZipEntrySource.<init>(ZipInputStreamZipEntrySource.java:51)
	at org.apache.poi.openxml4j.opc.ZipPackage.<init>(ZipPackage.java:83)
	at org.apache.poi.openxml4j.opc.OPCPackage.open(OPCPackage.java:267)
	at org.apache.poi.util.PackageHelper.open(PackageHelper.java:39)
	at org.apache.poi.xssf.usermodel.XSSFWorkbook.<init>(XSSFWorkbook.java:204)
	at com.mst.selenium.excelutility.ExcelUtility.readExcel(ExcelUtility.java:51)
	at com.mst.selenium.page.Login_page.performLoginAction(Login_page.java:46)
	at com.mst.selenium.main.page.TestEngine.leadCreation(TestEngine.java:51)
	at java.util.concurrent.FutureTask.run(Unknown Source)
	at java.util.concurrent.ThreadPoolExecutor.runWorker(Unknown Source)
	at java.util.concurrent.ThreadPoolExecutor$Worker.run(Unknown Source)
	at java.lang.Thread.run(Unknown Source)
... Removed 16 stack frames]]>
    </failure>
  </testcase> <!-- leadCreation -->
</testsuite> <!-- Chrome Test1 -->
