<?xml version="1.0" encoding="UTF-8"?>
<!-- Generated by org.testng.reporters.JUnitXMLReporter -->
<testsuite hostname="MSTEMP188SOPHIYA" name="Firefox Test2" tests="1" failures="1" timestamp="2 Mar 2017 15:29:01 GMT" time="288.879" errors="0">
  <testcase name="accountCreation" time="248.953" classname="main_page.TestEngine">
    <failure type="exception.CustomException" message="The value Edge Communicationsis not matched with the given value Edge Communication">
      <![CDATA[exception.CustomException: The value Edge Communicationsis not matched with the given value Edge Communication
	at Page_Object_page.accountPage.parentAccountVerify(accountPage.java:82)
	at main_page.TestEngine.accountCreation(TestEngine.java:119)
	at java.util.concurrent.FutureTask.run(Unknown Source)
	at java.util.concurrent.ThreadPoolExecutor.runWorker(Unknown Source)
	at java.util.concurrent.ThreadPoolExecutor$Worker.run(Unknown Source)
	at java.lang.Thread.run(Unknown Source)
... Removed 16 stack frames]]>
    </failure>
  </testcase> <!-- accountCreation -->
</testsuite> <!-- Firefox Test2 -->
